<component name="libraryTable">
  <library name="JUnit 5">
    <CLASSES>
      <root url="jar://$PROJECT_DIR$/target/build/junit-platform-console-standalone-1.4.0.jar!/" />
    </CLASSES>
    <JAVADOC />
    <SOURCES />
  </library>
</component>